2023-03-26 03:17:51.212 INFO  [main][PortalContextLoaderListener:123] JVM arguments: -Djava.util.logging.config.file=/home/me/Albert/liferay-portal-learn/bundles/tomcat-9.0.71/conf/logging.properties -Djava.util.logging.manager=org.apache.juli.ClassLoaderLogManager -Djdk.tls.ephemeralDHKeySize=2048 -Djava.protocol.handler.pkgs=org.apache.catalina.webresources -Dorg.apache.catalina.security.SecurityListener.UMASK=0027 -Dfile.encoding=UTF-8 -Djava.locale.providers=JRE,COMPAT,CLDR -Djava.net.preferIPv4Stack=true -Duser.timezone=GMT -Xms2560m -Xmx2560m -XX:MaxNewSize=1536m -XX:MaxMetaspaceSize=768m -XX:MetaspaceSize=768m -XX:NewSize=1536m -XX:SurvivorRatio=7 -Dignore.endorsed.dirs= -Dcatalina.base=/home/me/Albert/liferay-portal-learn/bundles/tomcat-9.0.71 -Dcatalina.home=/home/me/Albert/liferay-portal-learn/bundles/tomcat-9.0.71 -Djava.io.tmpdir=/home/me/Albert/liferay-portal-learn/bundles/tomcat-9.0.71/temp
2023-03-26 03:17:56.719 ERROR [main][HikariPool:594] HikariPool-1 - Exception during pool initialization.
com.liferay.portal.kernel.log.LogSanitizerException: com.mysql.cj.jdbc.exceptions.CommunicationsException: Communications link failure__The last packet sent successfully to the server was 0 milliseconds ago. The driver has not received any packets from the server. [Sanitized]
	at com.mysql.cj.jdbc.exceptions.SQLError.createCommunicationsException(SQLError.java:174) ~[mysql.jar:8.0.29]
	at com.mysql.cj.jdbc.exceptions.SQLExceptionsMapping.translateException(SQLExceptionsMapping.java:64) ~[mysql.jar:8.0.29]
	at com.mysql.cj.jdbc.ConnectionImpl.createNewIO(ConnectionImpl.java:828) ~[mysql.jar:8.0.29]
	at com.mysql.cj.jdbc.ConnectionImpl.<init>(ConnectionImpl.java:448) ~[mysql.jar:8.0.29]
	at com.mysql.cj.jdbc.ConnectionImpl.getInstance(ConnectionImpl.java:241) ~[mysql.jar:8.0.29]
	at com.mysql.cj.jdbc.NonRegisteringDriver.connect(NonRegisteringDriver.java:198) ~[mysql.jar:8.0.29]
	at com.zaxxer.hikari.util.DriverDataSource.getConnection(DriverDataSource.java:138) ~[hikaricp.jar:?]
	at com.zaxxer.hikari.pool.PoolBase.newConnection(PoolBase.java:364) ~[hikaricp.jar:?]
	at com.zaxxer.hikari.pool.PoolBase.newPoolEntry(PoolBase.java:206) ~[hikaricp.jar:?]
	at com.zaxxer.hikari.pool.HikariPool.createPoolEntry(HikariPool.java:476) ~[hikaricp.jar:?]
	at com.zaxxer.hikari.pool.HikariPool.checkFailFast(HikariPool.java:561) ~[hikaricp.jar:?]
	at com.zaxxer.hikari.pool.HikariPool.<init>(HikariPool.java:115) ~[hikaricp.jar:?]
	at com.zaxxer.hikari.HikariDataSource.getConnection(HikariDataSource.java:112) ~[hikaricp.jar:?]
	at com.liferay.portal.dao.jdbc.util.DBInfoUtil.lambda$getDBInfo$0(DBInfoUtil.java:47) ~[portal-impl.jar:?]
	at com.liferay.petra.concurrent.ConcurrentMapperHashMap.lambda$computeIfAbsent$1(ConcurrentMapperHashMap.java:114) ~[com.liferay.petra.concurrent.jar:?]
	at java.util.concurrent.ConcurrentHashMap.computeIfAbsent(ConcurrentHashMap.java:1660) [?:1.8.0_221]
	at com.liferay.petra.concurrent.ConcurrentMapperHashMap.computeIfAbsent(ConcurrentMapperHashMap.java:111) [com.liferay.petra.concurrent.jar:?]
	at com.liferay.portal.dao.jdbc.util.DBInfoUtil.getDBInfo(DBInfoUtil.java:44) [portal-impl.jar:?]
	at com.liferay.portal.spring.hibernate.DialectDetector.getDialect(DialectDetector.java:51) [portal-impl.jar:?]
	at com.liferay.portal.dao.init.DBInitUtil._initDataSource(DBInitUtil.java:244) [portal-impl.jar:?]
	at com.liferay.portal.dao.init.DBInitUtil.init(DBInitUtil.java:68) [portal-impl.jar:?]
	at com.liferay.portal.spring.context.PortalContextLoaderListener.contextInitialized(PortalContextLoaderListener.java:237) [portal-impl.jar:?]
	at sun.reflect.NativeMethodAccessorImpl.invoke0(Native Method) ~[?:1.8.0_221]
	at sun.reflect.NativeMethodAccessorImpl.invoke(NativeMethodAccessorImpl.java:62) ~[?:1.8.0_221]
	at sun.reflect.DelegatingMethodAccessorImpl.invoke(DelegatingMethodAccessorImpl.java:43) ~[?:1.8.0_221]
	at java.lang.reflect.Method.invoke(Method.java:498) ~[?:1.8.0_221]
	at com.liferay.shielded.container.internal.proxy.ContextClassLoaderInvocationHandler.invoke(ContextClassLoaderInvocationHandler.java:43) [com.liferay.shielded.container.impl.jar:?]
	at com.liferay.shielded.container.internal.proxy.EventListenerInvocationHandler.invoke(EventListenerInvocationHandler.java:64) [com.liferay.shielded.container.impl.jar:?]
	at com.sun.proxy.$Proxy6.contextInitialized(Unknown Source) [?:?]
	at org.apache.catalina.core.StandardContext.listenerStart(StandardContext.java:4762) [catalina.jar:9.0.71]
	at org.apache.catalina.core.StandardContext.startInternal(StandardContext.java:5222) [catalina.jar:9.0.71]
	at org.apache.catalina.util.LifecycleBase.start(LifecycleBase.java:183) [catalina.jar:9.0.71]
	at org.apache.catalina.core.ContainerBase.addChildInternal(ContainerBase.java:726) [catalina.jar:9.0.71]
	at org.apache.catalina.core.ContainerBase.addChild(ContainerBase.java:698) [catalina.jar:9.0.71]
	at org.apache.catalina.core.StandardHost.addChild(StandardHost.java:696) [catalina.jar:9.0.71]
	at org.apache.catalina.startup.HostConfig.deployDescriptor(HostConfig.java:689) [catalina.jar:9.0.71]
	at org.apache.catalina.startup.HostConfig$DeployDescriptor.run(HostConfig.java:1888) [catalina.jar:9.0.71]
	at java.util.concurrent.Executors$RunnableAdapter.call(Executors.java:511) [?:1.8.0_221]
	at java.util.concurrent.FutureTask.run(FutureTask.java:266) [?:1.8.0_221]
	at org.apache.tomcat.util.threads.InlineExecutorService.execute(InlineExecutorService.java:75) [tomcat-util.jar:9.0.71]
	at java.util.concurrent.AbstractExecutorService.submit(AbstractExecutorService.java:112) [?:1.8.0_221]
	at org.apache.catalina.startup.HostConfig.deployDescriptors(HostConfig.java:582) [catalina.jar:9.0.71]
	at org.apache.catalina.startup.HostConfig.deployApps(HostConfig.java:472) [catalina.jar:9.0.71]
	at org.apache.catalina.startup.HostConfig.start(HostConfig.java:1617) [catalina.jar:9.0.71]
	at org.apache.catalina.startup.HostConfig.lifecycleEvent(HostConfig.java:318) [catalina.jar:9.0.71]
	at org.apache.catalina.util.LifecycleBase.fireLifecycleEvent(LifecycleBase.java:123) [catalina.jar:9.0.71]
	at org.apache.catalina.util.LifecycleBase.setStateInternal(LifecycleBase.java:423) [catalina.jar:9.0.71]
	at org.apache.catalina.util.LifecycleBase.setState(LifecycleBase.java:366) [catalina.jar:9.0.71]
	at org.apache.catalina.core.ContainerBase.startInternal(ContainerBase.java:943) [catalina.jar:9.0.71]
	at org.apache.catalina.core.StandardHost.startInternal(StandardHost.java:835) [catalina.jar:9.0.71]
	at org.apache.catalina.util.LifecycleBase.start(LifecycleBase.java:183) [catalina.jar:9.0.71]
	at org.apache.catalina.core.ContainerBase$StartChild.call(ContainerBase.java:1393) [catalina.jar:9.0.71]
	at org.apache.catalina.core.ContainerBase$StartChild.call(ContainerBase.java:1383) [catalina.jar:9.0.71]
	at java.util.concurrent.FutureTask.run(FutureTask.java:266) [?:1.8.0_221]
	at org.apache.tomcat.util.threads.InlineExecutorService.execute(InlineExecutorService.java:75) [tomcat-util.jar:9.0.71]
	at java.util.concurrent.AbstractExecutorService.submit(AbstractExecutorService.java:134) [?:1.8.0_221]
	at org.apache.catalina.core.ContainerBase.startInternal(ContainerBase.java:916) [catalina.jar:9.0.71]
	at org.apache.catalina.core.StandardEngine.startInternal(StandardEngine.java:265) [catalina.jar:9.0.71]
	at org.apache.catalina.util.LifecycleBase.start(LifecycleBase.java:183) [catalina.jar:9.0.71]
	at org.apache.catalina.core.StandardService.startInternal(StandardService.java:430) [catalina.jar:9.0.71]
	at org.apache.catalina.util.LifecycleBase.start(LifecycleBase.java:183) [catalina.jar:9.0.71]
	at org.apache.catalina.core.StandardServer.startInternal(StandardServer.java:930) [catalina.jar:9.0.71]
	at org.apache.catalina.util.LifecycleBase.start(LifecycleBase.java:183) [catalina.jar:9.0.71]
	at org.apache.catalina.startup.Catalina.start(Catalina.java:772) [catalina.jar:9.0.71]
	at sun.reflect.NativeMethodAccessorImpl.invoke0(Native Method) ~[?:1.8.0_221]
	at sun.reflect.NativeMethodAccessorImpl.invoke(NativeMethodAccessorImpl.java:62) ~[?:1.8.0_221]
	at sun.reflect.DelegatingMethodAccessorImpl.invoke(DelegatingMethodAccessorImpl.java:43) ~[?:1.8.0_221]
	at java.lang.reflect.Method.invoke(Method.java:498) ~[?:1.8.0_221]
	at org.apache.catalina.startup.Bootstrap.start(Bootstrap.java:347) [bootstrap.jar:9.0.71]
	at org.apache.catalina.startup.Bootstrap.main(Bootstrap.java:478) [bootstrap.jar:9.0.71]
Caused by: com.liferay.portal.kernel.log.LogSanitizerException: com.mysql.cj.exceptions.CJCommunicationsException: Communications link failure__The last packet sent successfully to the server was 0 milliseconds ago. The driver has not received any packets from the server. [Sanitized]
	at sun.reflect.NativeConstructorAccessorImpl.newInstance0(Native Method) ~[?:1.8.0_221]
	at sun.reflect.NativeConstructorAccessorImpl.newInstance(NativeConstructorAccessorImpl.java:62) ~[?:1.8.0_221]
	at sun.reflect.DelegatingConstructorAccessorImpl.newInstance(DelegatingConstructorAccessorImpl.java:45) ~[?:1.8.0_221]
	at java.lang.reflect.Constructor.newInstance(Constructor.java:423) ~[?:1.8.0_221]
	at com.mysql.cj.exceptions.ExceptionFactory.createException(ExceptionFactory.java:61) ~[mysql.jar:8.0.29]
	at com.mysql.cj.exceptions.ExceptionFactory.createException(ExceptionFactory.java:105) ~[mysql.jar:8.0.29]
	at com.mysql.cj.exceptions.ExceptionFactory.createException(ExceptionFactory.java:151) ~[mysql.jar:8.0.29]
	at com.mysql.cj.exceptions.ExceptionFactory.createCommunicationsException(ExceptionFactory.java:167) ~[mysql.jar:8.0.29]
	at com.mysql.cj.protocol.a.NativeSocketConnection.connect(NativeSocketConnection.java:89) ~[mysql.jar:8.0.29]
	at com.mysql.cj.NativeSession.connect(NativeSession.java:120) ~[mysql.jar:8.0.29]
	at com.mysql.cj.jdbc.ConnectionImpl.connectOneTryOnly(ConnectionImpl.java:948) ~[mysql.jar:8.0.29]
	at com.mysql.cj.jdbc.ConnectionImpl.createNewIO(ConnectionImpl.java:818) ~[mysql.jar:8.0.29]
	... 67 more
Caused by: java.net.ConnectException: Connection refused (Connection refused)
	at java.net.PlainSocketImpl.socketConnect(Native Method) ~[?:1.8.0_221]
	at java.net.AbstractPlainSocketImpl.doConnect(AbstractPlainSocketImpl.java:350) ~[?:1.8.0_221]
	at java.net.AbstractPlainSocketImpl.connectToAddress(AbstractPlainSocketImpl.java:206) ~[?:1.8.0_221]
	at java.net.AbstractPlainSocketImpl.connect(AbstractPlainSocketImpl.java:188) ~[?:1.8.0_221]
	at java.net.SocksSocketImpl.connect(SocksSocketImpl.java:392) ~[?:1.8.0_221]
	at java.net.Socket.connect(Socket.java:589) ~[?:1.8.0_221]
	at com.mysql.cj.protocol.StandardSocketFactory.connect(StandardSocketFactory.java:153) ~[mysql.jar:8.0.29]
	at com.mysql.cj.protocol.a.NativeSocketConnection.connect(NativeSocketConnection.java:63) ~[mysql.jar:8.0.29]
	at com.mysql.cj.NativeSession.connect(NativeSession.java:120) ~[mysql.jar:8.0.29]
	at com.mysql.cj.jdbc.ConnectionImpl.connectOneTryOnly(ConnectionImpl.java:948) ~[mysql.jar:8.0.29]
	at com.mysql.cj.jdbc.ConnectionImpl.createNewIO(ConnectionImpl.java:818) ~[mysql.jar:8.0.29]
	... 67 more
2023-03-26 03:17:56.754 ERROR [main][PortalContextLoaderListener:79] null
java.lang.NullPointerException: null
	at com.liferay.portal.kernel.servlet.DirectServletRegistryUtil.clearServlets(DirectServletRegistryUtil.java:25) ~[portal-kernel.jar:?]
	at com.liferay.portal.spring.context.PortalContextLoaderListener.contextDestroyed(PortalContextLoaderListener.java:130) [portal-impl.jar:?]
	at sun.reflect.NativeMethodAccessorImpl.invoke0(Native Method) ~[?:1.8.0_221]
	at sun.reflect.NativeMethodAccessorImpl.invoke(NativeMethodAccessorImpl.java:62) ~[?:1.8.0_221]
	at sun.reflect.DelegatingMethodAccessorImpl.invoke(DelegatingMethodAccessorImpl.java:43) ~[?:1.8.0_221]
	at java.lang.reflect.Method.invoke(Method.java:498) ~[?:1.8.0_221]
	at com.liferay.shielded.container.internal.proxy.ContextClassLoaderInvocationHandler.invoke(ContextClassLoaderInvocationHandler.java:43) [com.liferay.shielded.container.impl.jar:?]
	at com.liferay.shielded.container.internal.proxy.EventListenerInvocationHandler.invoke(EventListenerInvocationHandler.java:64) [com.liferay.shielded.container.impl.jar:?]
	at com.sun.proxy.$Proxy6.contextDestroyed(Unknown Source) [?:?]
	at org.apache.catalina.core.StandardContext.listenerStop(StandardContext.java:4810) [catalina.jar:9.0.71]
	at org.apache.catalina.core.StandardContext.stopInternal(StandardContext.java:5463) [catalina.jar:9.0.71]
	at org.apache.catalina.util.LifecycleBase.stop(LifecycleBase.java:257) [catalina.jar:9.0.71]
	at org.apache.catalina.util.LifecycleBase.start(LifecycleBase.java:187) [catalina.jar:9.0.71]
	at org.apache.catalina.core.ContainerBase.addChildInternal(ContainerBase.java:726) [catalina.jar:9.0.71]
	at org.apache.catalina.core.ContainerBase.addChild(ContainerBase.java:698) [catalina.jar:9.0.71]
	at org.apache.catalina.core.StandardHost.addChild(StandardHost.java:696) [catalina.jar:9.0.71]
	at org.apache.catalina.startup.HostConfig.deployDescriptor(HostConfig.java:689) [catalina.jar:9.0.71]
	at org.apache.catalina.startup.HostConfig$DeployDescriptor.run(HostConfig.java:1888) [catalina.jar:9.0.71]
	at java.util.concurrent.Executors$RunnableAdapter.call(Executors.java:511) [?:1.8.0_221]
	at java.util.concurrent.FutureTask.run(FutureTask.java:266) [?:1.8.0_221]
	at org.apache.tomcat.util.threads.InlineExecutorService.execute(InlineExecutorService.java:75) [tomcat-util.jar:9.0.71]
	at java.util.concurrent.AbstractExecutorService.submit(AbstractExecutorService.java:112) [?:1.8.0_221]
	at org.apache.catalina.startup.HostConfig.deployDescriptors(HostConfig.java:582) [catalina.jar:9.0.71]
	at org.apache.catalina.startup.HostConfig.deployApps(HostConfig.java:472) [catalina.jar:9.0.71]
	at org.apache.catalina.startup.HostConfig.start(HostConfig.java:1617) [catalina.jar:9.0.71]
	at org.apache.catalina.startup.HostConfig.lifecycleEvent(HostConfig.java:318) [catalina.jar:9.0.71]
	at org.apache.catalina.util.LifecycleBase.fireLifecycleEvent(LifecycleBase.java:123) [catalina.jar:9.0.71]
	at org.apache.catalina.util.LifecycleBase.setStateInternal(LifecycleBase.java:423) [catalina.jar:9.0.71]
	at org.apache.catalina.util.LifecycleBase.setState(LifecycleBase.java:366) [catalina.jar:9.0.71]
	at org.apache.catalina.core.ContainerBase.startInternal(ContainerBase.java:943) [catalina.jar:9.0.71]
	at org.apache.catalina.core.StandardHost.startInternal(StandardHost.java:835) [catalina.jar:9.0.71]
	at org.apache.catalina.util.LifecycleBase.start(LifecycleBase.java:183) [catalina.jar:9.0.71]
	at org.apache.catalina.core.ContainerBase$StartChild.call(ContainerBase.java:1393) [catalina.jar:9.0.71]
	at org.apache.catalina.core.ContainerBase$StartChild.call(ContainerBase.java:1383) [catalina.jar:9.0.71]
	at java.util.concurrent.FutureTask.run(FutureTask.java:266) [?:1.8.0_221]
	at org.apache.tomcat.util.threads.InlineExecutorService.execute(InlineExecutorService.java:75) [tomcat-util.jar:9.0.71]
	at java.util.concurrent.AbstractExecutorService.submit(AbstractExecutorService.java:134) [?:1.8.0_221]
	at org.apache.catalina.core.ContainerBase.startInternal(ContainerBase.java:916) [catalina.jar:9.0.71]
	at org.apache.catalina.core.StandardEngine.startInternal(StandardEngine.java:265) [catalina.jar:9.0.71]
	at org.apache.catalina.util.LifecycleBase.start(LifecycleBase.java:183) [catalina.jar:9.0.71]
	at org.apache.catalina.core.StandardService.startInternal(StandardService.java:430) [catalina.jar:9.0.71]
	at org.apache.catalina.util.LifecycleBase.start(LifecycleBase.java:183) [catalina.jar:9.0.71]
	at org.apache.catalina.core.StandardServer.startInternal(StandardServer.java:930) [catalina.jar:9.0.71]
	at org.apache.catalina.util.LifecycleBase.start(LifecycleBase.java:183) [catalina.jar:9.0.71]
	at org.apache.catalina.startup.Catalina.start(Catalina.java:772) [catalina.jar:9.0.71]
	at sun.reflect.NativeMethodAccessorImpl.invoke0(Native Method) ~[?:1.8.0_221]
	at sun.reflect.NativeMethodAccessorImpl.invoke(NativeMethodAccessorImpl.java:62) ~[?:1.8.0_221]
	at sun.reflect.DelegatingMethodAccessorImpl.invoke(DelegatingMethodAccessorImpl.java:43) ~[?:1.8.0_221]
	at java.lang.reflect.Method.invoke(Method.java:498) ~[?:1.8.0_221]
	at org.apache.catalina.startup.Bootstrap.start(Bootstrap.java:347) [bootstrap.jar:9.0.71]
	at org.apache.catalina.startup.Bootstrap.main(Bootstrap.java:478) [bootstrap.jar:9.0.71]
2023-03-26 03:17:56.755 ERROR [main][PortalContextLoaderListener:79] null
java.lang.NullPointerException: null
	at com.liferay.portal.kernel.deploy.hot.HotDeployUtil.reset(HotDeployUtil.java:50) ~[portal-kernel.jar:?]
	at com.liferay.portal.spring.context.PortalContextLoaderListener.contextDestroyed(PortalContextLoaderListener.java:137) [portal-impl.jar:?]
	at sun.reflect.NativeMethodAccessorImpl.invoke0(Native Method) ~[?:1.8.0_221]
	at sun.reflect.NativeMethodAccessorImpl.invoke(NativeMethodAccessorImpl.java:62) ~[?:1.8.0_221]
	at sun.reflect.DelegatingMethodAccessorImpl.invoke(DelegatingMethodAccessorImpl.java:43) ~[?:1.8.0_221]
	at java.lang.reflect.Method.invoke(Method.java:498) ~[?:1.8.0_221]
	at com.liferay.shielded.container.internal.proxy.ContextClassLoaderInvocationHandler.invoke(ContextClassLoaderInvocationHandler.java:43) [com.liferay.shielded.container.impl.jar:?]
	at com.liferay.shielded.container.internal.proxy.EventListenerInvocationHandler.invoke(EventListenerInvocationHandler.java:64) [com.liferay.shielded.container.impl.jar:?]
	at com.sun.proxy.$Proxy6.contextDestroyed(Unknown Source) [?:?]
	at org.apache.catalina.core.StandardContext.listenerStop(StandardContext.java:4810) [catalina.jar:9.0.71]
	at org.apache.catalina.core.StandardContext.stopInternal(StandardContext.java:5463) [catalina.jar:9.0.71]
	at org.apache.catalina.util.LifecycleBase.stop(LifecycleBase.java:257) [catalina.jar:9.0.71]
	at org.apache.catalina.util.LifecycleBase.start(LifecycleBase.java:187) [catalina.jar:9.0.71]
	at org.apache.catalina.core.ContainerBase.addChildInternal(ContainerBase.java:726) [catalina.jar:9.0.71]
	at org.apache.catalina.core.ContainerBase.addChild(ContainerBase.java:698) [catalina.jar:9.0.71]
	at org.apache.catalina.core.StandardHost.addChild(StandardHost.java:696) [catalina.jar:9.0.71]
	at org.apache.catalina.startup.HostConfig.deployDescriptor(HostConfig.java:689) [catalina.jar:9.0.71]
	at org.apache.catalina.startup.HostConfig$DeployDescriptor.run(HostConfig.java:1888) [catalina.jar:9.0.71]
	at java.util.concurrent.Executors$RunnableAdapter.call(Executors.java:511) [?:1.8.0_221]
	at java.util.concurrent.FutureTask.run(FutureTask.java:266) [?:1.8.0_221]
	at org.apache.tomcat.util.threads.InlineExecutorService.execute(InlineExecutorService.java:75) [tomcat-util.jar:9.0.71]
	at java.util.concurrent.AbstractExecutorService.submit(AbstractExecutorService.java:112) [?:1.8.0_221]
	at org.apache.catalina.startup.HostConfig.deployDescriptors(HostConfig.java:582) [catalina.jar:9.0.71]
	at org.apache.catalina.startup.HostConfig.deployApps(HostConfig.java:472) [catalina.jar:9.0.71]
	at org.apache.catalina.startup.HostConfig.start(HostConfig.java:1617) [catalina.jar:9.0.71]
	at org.apache.catalina.startup.HostConfig.lifecycleEvent(HostConfig.java:318) [catalina.jar:9.0.71]
	at org.apache.catalina.util.LifecycleBase.fireLifecycleEvent(LifecycleBase.java:123) [catalina.jar:9.0.71]
	at org.apache.catalina.util.LifecycleBase.setStateInternal(LifecycleBase.java:423) [catalina.jar:9.0.71]
	at org.apache.catalina.util.LifecycleBase.setState(LifecycleBase.java:366) [catalina.jar:9.0.71]
	at org.apache.catalina.core.ContainerBase.startInternal(ContainerBase.java:943) [catalina.jar:9.0.71]
	at org.apache.catalina.core.StandardHost.startInternal(StandardHost.java:835) [catalina.jar:9.0.71]
	at org.apache.catalina.util.LifecycleBase.start(LifecycleBase.java:183) [catalina.jar:9.0.71]
	at org.apache.catalina.core.ContainerBase$StartChild.call(ContainerBase.java:1393) [catalina.jar:9.0.71]
	at org.apache.catalina.core.ContainerBase$StartChild.call(ContainerBase.java:1383) [catalina.jar:9.0.71]
	at java.util.concurrent.FutureTask.run(FutureTask.java:266) [?:1.8.0_221]
	at org.apache.tomcat.util.threads.InlineExecutorService.execute(InlineExecutorService.java:75) [tomcat-util.jar:9.0.71]
	at java.util.concurrent.AbstractExecutorService.submit(AbstractExecutorService.java:134) [?:1.8.0_221]
	at org.apache.catalina.core.ContainerBase.startInternal(ContainerBase.java:916) [catalina.jar:9.0.71]
	at org.apache.catalina.core.StandardEngine.startInternal(StandardEngine.java:265) [catalina.jar:9.0.71]
	at org.apache.catalina.util.LifecycleBase.start(LifecycleBase.java:183) [catalina.jar:9.0.71]
	at org.apache.catalina.core.StandardService.startInternal(StandardService.java:430) [catalina.jar:9.0.71]
	at org.apache.catalina.util.LifecycleBase.start(LifecycleBase.java:183) [catalina.jar:9.0.71]
	at org.apache.catalina.core.StandardServer.startInternal(StandardServer.java:930) [catalina.jar:9.0.71]
	at org.apache.catalina.util.LifecycleBase.start(LifecycleBase.java:183) [catalina.jar:9.0.71]
	at org.apache.catalina.startup.Catalina.start(Catalina.java:772) [catalina.jar:9.0.71]
	at sun.reflect.NativeMethodAccessorImpl.invoke0(Native Method) ~[?:1.8.0_221]
	at sun.reflect.NativeMethodAccessorImpl.invoke(NativeMethodAccessorImpl.java:62) ~[?:1.8.0_221]
	at sun.reflect.DelegatingMethodAccessorImpl.invoke(DelegatingMethodAccessorImpl.java:43) ~[?:1.8.0_221]
	at java.lang.reflect.Method.invoke(Method.java:498) ~[?:1.8.0_221]
	at org.apache.catalina.startup.Bootstrap.start(Bootstrap.java:347) [bootstrap.jar:9.0.71]
	at org.apache.catalina.startup.Bootstrap.main(Bootstrap.java:478) [bootstrap.jar:9.0.71]
2023-03-26 03:17:56.758 ERROR [main][PortalBeanLocatorUtil:66] BeanLocator is null
